[debug] [2023-12-15T06:15:51.792Z] ----------------------------------------------------------------------
[debug] [2023-12-15T06:15:51.793Z] Command:       C:\Program Files\nodejs\node.exe C:\Users\LENOVO\AppData\Roaming\npm\node_modules\firebase-tools\lib\bin\firebase.js init
[debug] [2023-12-15T06:15:51.793Z] CLI Version:   13.0.2
[debug] [2023-12-15T06:15:51.794Z] Platform:      win32
[debug] [2023-12-15T06:15:51.794Z] Node Version:  v18.17.0
[debug] [2023-12-15T06:15:51.794Z] Time:          Fri Dec 15 2023 11:45:51 GMT+0530 (India Standard Time)
[debug] [2023-12-15T06:15:51.795Z] ----------------------------------------------------------------------
[debug] 
[debug] [2023-12-15T06:15:51.797Z] >>> [apiv2][query] GET https://firebase-public.firebaseio.com/cli.json [none]
[debug] [2023-12-15T06:15:51.832Z] > command requires scopes: ["email","openid","https://www.googleapis.com/auth/cloudplatformprojects.readonly","https://www.googleapis.com/auth/firebase","https://www.googleapis.com/auth/cloud-platform"]
[debug] [2023-12-15T06:15:51.832Z] > authorizing via signed-in user (kedarkamaf@gmail.com)
[info] 
     ######## #### ########  ######## ########     ###     ######  ########
     ##        ##  ##     ## ##       ##     ##  ##   ##  ##       ##
     ######    ##  ########  ######   ########  #########  ######  ######
     ##        ##  ##    ##  ##       ##     ## ##     ##       ## ##
     ##       #### ##     ## ######## ########  ##     ##  ######  ########

You're about to initialize a Firebase project in this directory:

  D:\HIS\dash\dashboard

[debug] [2023-12-15T06:15:56.449Z] <<< [apiv2][status] GET https://firebase-public.firebaseio.com/cli.json 200
[debug] [2023-12-15T06:15:56.450Z] <<< [apiv2][body] GET https://firebase-public.firebaseio.com/cli.json {"cloudBuildErrorAfter":1594252800000,"cloudBuildWarnAfter":1590019200000,"defaultNode10After":1594252800000,"minVersion":"3.0.5","node8DeploysDisabledAfter":1613390400000,"node8RuntimeDisabledAfter":1615809600000,"node8WarnAfter":1600128000000}
